<?xml version="1.0" encoding="UTF-8"?>
<TestRun id="8cdf58ee-baa6-48e4-8f47-79b2fe511239" name="RajKumar-PC@RAJKUMARTHAPA 2015-04-03 15:49:50" runUser="RajkumarThapa\RajKumar-PC" xmlns="http://microsoft.com/schemas/VisualStudio/TeamTest/2010">
  <TestSettings name="Default Test Settings" id="0840be02-38ed-4fe1-bda8-29bc8ebbfbd2">
    <Deployment userDeploymentRoot="C:\Users\RajKumar-PC\Documents\Visual Studio 2013\Projects\QASageframe\SageframeTest\bin\Debug" useDefaultDeploymentRoot="false" runDeploymentRoot="RajKumar-PC_RAJKUMARTHAPA 2015-04-03 15_49_50" />
    <Execution>
      <TestTypeSpecific />
      <AgentRule name="Execution Agents">
      </AgentRule>
    </Execution>
    <Properties />
  </TestSettings>
  <Times creation="2015-04-03T15:49:50.4814145+05:45" queuing="2015-04-03T15:49:50.8644378+05:45" start="2015-04-03T15:49:50.9694428+05:45" finish="2015-04-03T15:52:01.4819593+05:45" />
  <ResultSummary outcome="Failed">
    <Counters total="8" executed="7" error="0" failed="7" timeout="0" aborted="0" inconclusive="0" passedButRunAborted="0" notRunnable="1" notExecuted="0" disconnected="0" warning="0" passed="0" completed="0" inProgress="0" pending="0" />
  </ResultSummary>
  <TestDefinitions>
    <UnitTest name="Can_DeleteRole" storage="sageframetest.dll" id="0ca8048b-9f26-e84d-b35b-d5f8936ae268">
      <Execution id="581f5634-ba76-492b-93c6-c7649a4e7965" />
      <TestMethod codeBase="C:/Users/RajKumar-PC/Documents/Visual Studio 2013/Projects/QASageframe/SageframeTest/bin/Debug/SageframeTest.dll" adapterTypeName="Microsoft.VisualStudio.TestTools.TestTypes.Unit.UnitTestAdapter, Microsoft.VisualStudio.QualityTools.Tips.UnitTest.Adapter, Version=12.0.0.0, Culture=neutral, PublicKeyToken=b03f5f7f11d50a3a" className="SageframeTest.DeleteRole, SageframeTest, Version=1.0.0.0, Culture=neutral, PublicKeyToken=null" name="Can_DeleteRole" />
    </UnitTest>
    <UnitTest name="Can_saveUserSettings" storage="sageframetest.dll" id="c97b54fb-b6ee-8e00-18fe-d83a3221119b">
      <Execution id="19c82893-416c-452d-90d2-89ad6f76cc01" />
      <TestMethod codeBase="C:/Users/RajKumar-PC/Documents/Visual Studio 2013/Projects/QASageframe/SageframeTest/bin/Debug/SageframeTest.dll" adapterTypeName="Microsoft.VisualStudio.TestTools.TestTypes.Unit.UnitTestAdapter, Microsoft.VisualStudio.QualityTools.Tips.UnitTest.Adapter, Version=12.0.0.0, Culture=neutral, PublicKeyToken=b03f5f7f11d50a3a" className="SageframeTest.UserSettings, SageframeTest, Version=1.0.0.0, Culture=neutral, PublicKeyToken=null" name="Can_saveUserSettings" />
    </UnitTest>
    <UnitTest name="Can_SearchUser" storage="sageframetest.dll" id="7c874447-1047-61d4-5eb8-533045571ee8">
      <Execution id="a8f6dc6c-7c9c-4328-9a0e-156eaa89bd0d" />
      <TestMethod codeBase="C:/Users/RajKumar-PC/Documents/Visual Studio 2013/Projects/QASageframe/SageframeTest/bin/Debug/SageframeTest.dll" adapterTypeName="Microsoft.VisualStudio.TestTools.TestTypes.Unit.UnitTestAdapter, Microsoft.VisualStudio.QualityTools.Tips.UnitTest.Adapter, Version=12.0.0.0, Culture=neutral, PublicKeyToken=b03f5f7f11d50a3a" className="SageframeTest.UserSearch, SageframeTest, Version=1.0.0.0, Culture=neutral, PublicKeyToken=null" name="Can_SearchUser" />
    </UnitTest>
    <UnitTest name="Can_DeleteUser" storage="sageframetest.dll" id="eaa8fdce-06bd-5683-b93d-e5dd9f20e876">
      <Execution id="a2bfd898-5640-4fbc-bf50-a1ab3e91fd13" />
      <TestMethod codeBase="C:/Users/RajKumar-PC/Documents/Visual Studio 2013/Projects/QASageframe/SageframeTest/bin/Debug/SageframeTest.dll" adapterTypeName="Microsoft.VisualStudio.TestTools.TestTypes.Unit.UnitTestAdapter, Microsoft.VisualStudio.QualityTools.Tips.UnitTest.Adapter, Version=12.0.0.0, Culture=neutral, PublicKeyToken=b03f5f7f11d50a3a" className="SageframeTest.DeleteUser, SageframeTest, Version=1.0.0.0, Culture=neutral, PublicKeyToken=null" name="Can_DeleteUser" />
    </UnitTest>
    <UnitTest name="Can_AddMessageTemplate" storage="sageframetest.dll" id="328f42f5-bbba-b16b-2b8f-aefefa4ae6d3">
      <Execution id="18a06e2f-748d-46bd-b849-1b57e3d6deb3" />
      <TestMethod codeBase="C:/Users/RajKumar-PC/Documents/Visual Studio 2013/Projects/QASageframe/SageframeTest/bin/Debug/SageframeTest.dll" adapterTypeName="Microsoft.VisualStudio.TestTools.TestTypes.Unit.UnitTestAdapter, Microsoft.VisualStudio.QualityTools.Tips.UnitTest.Adapter, Version=12.0.0.0, Culture=neutral, PublicKeyToken=b03f5f7f11d50a3a" className="SageframeTest.AddMessageTemplate, SageframeTest, Version=1.0.0.0, Culture=neutral, PublicKeyToken=null" name="Can_AddMessageTemplate" />
    </UnitTest>
    <UnitTest name="Can_AddRole" storage="sageframetest.dll" id="556aef55-a16d-8e0c-435a-cd992bb473a3">
      <Execution id="71b10b43-2cad-41f8-8572-15fc94364a6c" />
      <TestMethod codeBase="C:/Users/RajKumar-PC/Documents/Visual Studio 2013/Projects/QASageframe/SageframeTest/bin/Debug/SageframeTest.dll" adapterTypeName="Microsoft.VisualStudio.TestTools.TestTypes.Unit.UnitTestAdapter, Microsoft.VisualStudio.QualityTools.Tips.UnitTest.Adapter, Version=12.0.0.0, Culture=neutral, PublicKeyToken=b03f5f7f11d50a3a" className="SageframeTest.AddRoles, SageframeTest, Version=1.0.0.0, Culture=neutral, PublicKeyToken=null" name="Can_AddRole" />
    </UnitTest>
    <UnitTest name="Can_EditUserProfile" storage="sageframetest.dll" id="d8c02368-808c-c2e3-38ea-15669ff81432">
      <Execution id="bc21d8aa-7e52-4aba-ab46-51340e71d9ef" />
      <TestMethod codeBase="C:/Users/RajKumar-PC/Documents/Visual Studio 2013/Projects/QASageframe/SageframeTest/bin/Debug/SageframeTest.dll" adapterTypeName="Microsoft.VisualStudio.TestTools.TestTypes.Unit.UnitTestAdapter, Microsoft.VisualStudio.QualityTools.Tips.UnitTest.Adapter, Version=12.0.0.0, Culture=neutral, PublicKeyToken=b03f5f7f11d50a3a" className="SageframeTest.UserEdit, SageframeTest, Version=1.0.0.0, Culture=neutral, PublicKeyToken=null" name="Can_EditUserProfile" />
    </UnitTest>
    <UnitTest name="Can_AddUsers" storage="sageframetest.dll" id="58cf4056-4d18-dd7e-3c0c-ca809f773d66">
      <Execution id="a8377e64-ae7d-46a8-907a-5211c59dd627" />
      <TestMethod codeBase="C:/Users/RajKumar-PC/Documents/Visual Studio 2013/Projects/QASageframe/SageframeTest/bin/Debug/SageframeTest.dll" adapterTypeName="Microsoft.VisualStudio.TestTools.TestTypes.Unit.UnitTestAdapter, Microsoft.VisualStudio.QualityTools.Tips.UnitTest.Adapter, Version=12.0.0.0, Culture=neutral, PublicKeyToken=b03f5f7f11d50a3a" className="SageframeTest.AddUsers, SageframeTest, Version=1.0.0.0, Culture=neutral, PublicKeyToken=null" name="Can_AddUsers" />
    </UnitTest>
  </TestDefinitions>
  <TestLists>
    <TestList name="Results Not in a List" id="8c84fa94-04c1-424b-9868-57a2d4851a1d" />
    <TestList name="All Loaded Results" id="19431567-8539-422a-85d7-44ee4e166bda" />
  </TestLists>
  <TestEntries>
    <TestEntry testId="328f42f5-bbba-b16b-2b8f-aefefa4ae6d3" executionId="18a06e2f-748d-46bd-b849-1b57e3d6deb3" testListId="8c84fa94-04c1-424b-9868-57a2d4851a1d" />
    <TestEntry testId="556aef55-a16d-8e0c-435a-cd992bb473a3" executionId="71b10b43-2cad-41f8-8572-15fc94364a6c" testListId="8c84fa94-04c1-424b-9868-57a2d4851a1d" />
    <TestEntry testId="58cf4056-4d18-dd7e-3c0c-ca809f773d66" executionId="a8377e64-ae7d-46a8-907a-5211c59dd627" testListId="8c84fa94-04c1-424b-9868-57a2d4851a1d" />
    <TestEntry testId="0ca8048b-9f26-e84d-b35b-d5f8936ae268" executionId="581f5634-ba76-492b-93c6-c7649a4e7965" testListId="8c84fa94-04c1-424b-9868-57a2d4851a1d" />
    <TestEntry testId="eaa8fdce-06bd-5683-b93d-e5dd9f20e876" executionId="a2bfd898-5640-4fbc-bf50-a1ab3e91fd13" testListId="8c84fa94-04c1-424b-9868-57a2d4851a1d" />
    <TestEntry testId="d8c02368-808c-c2e3-38ea-15669ff81432" executionId="bc21d8aa-7e52-4aba-ab46-51340e71d9ef" testListId="8c84fa94-04c1-424b-9868-57a2d4851a1d" />
    <TestEntry testId="7c874447-1047-61d4-5eb8-533045571ee8" executionId="a8f6dc6c-7c9c-4328-9a0e-156eaa89bd0d" testListId="8c84fa94-04c1-424b-9868-57a2d4851a1d" />
    <TestEntry testId="c97b54fb-b6ee-8e00-18fe-d83a3221119b" executionId="19c82893-416c-452d-90d2-89ad6f76cc01" testListId="8c84fa94-04c1-424b-9868-57a2d4851a1d" />
  </TestEntries>
  <Results>
    <UnitTestResult executionId="18a06e2f-748d-46bd-b849-1b57e3d6deb3" testId="328f42f5-bbba-b16b-2b8f-aefefa4ae6d3" testName="Can_AddMessageTemplate" computerName="RAJKUMARTHAPA" duration="00:00:42.9622413" startTime="2015-04-03T15:49:51.0054434+05:45" endTime="2015-04-03T15:50:34.2758831+05:45" testType="13cdc9d9-ddb5-4fa4-a97d-d965ccfc6d4b" outcome="Failed" testListId="8c84fa94-04c1-424b-9868-57a2d4851a1d" relativeResultsDirectory="18a06e2f-748d-46bd-b849-1b57e3d6deb3">
      <Output>
        <ErrorInfo>
          <Message>Test method SageframeTest.AddMessageTemplate.Can_AddMessageTemplate threw exception: 
OpenQA.Selenium.NoSuchElementException: Unable to locate element: {"method":"id","selector":"xEditingArea"}</Message>
          <StackTrace>    at OpenQA.Selenium.Remote.RemoteWebDriver.UnpackAndThrowOnError(Response errorResponse)
   at OpenQA.Selenium.Remote.RemoteWebDriver.Execute(String driverCommandToExecute, Dictionary`2 parameters)
   at OpenQA.Selenium.Remote.RemoteWebDriver.FindElement(String mechanism, String value)
   at OpenQA.Selenium.Remote.RemoteWebDriver.FindElementById(String id)
   at OpenQA.Selenium.By.&lt;&gt;c__DisplayClass2.&lt;Id&gt;b__0(ISearchContext context)
   at OpenQA.Selenium.By.FindElement(ISearchContext context)
   at OpenQA.Selenium.Remote.RemoteWebDriver.FindElement(By by)
   at QASageframe.Message_TemplatePage.AddMT(String n, String email, String subject, String text, Boolean save, String tmtt, String mttext, String token) in c:\Users\RajKumar-PC\Documents\Visual Studio 2013\Projects\QASageframe\QASageframe\Message-Template.cs:line 115
   at SageframeTest.AddMessageTemplate.Can_AddMessageTemplate() in c:\Users\RajKumar-PC\Documents\Visual Studio 2013\Projects\QASageframe\SageframeTest\AddMessageTemplate.cs:line 14
</StackTrace>
        </ErrorInfo>
      </Output>
    </UnitTestResult>
    <UnitTestResult executionId="71b10b43-2cad-41f8-8572-15fc94364a6c" testId="556aef55-a16d-8e0c-435a-cd992bb473a3" testName="Can_AddRole" computerName="RAJKUMARTHAPA" duration="00:00:01.5794896" startTime="2015-04-03T15:50:34.2838844+05:45" endTime="2015-04-03T15:50:35.8679736+05:45" testType="13cdc9d9-ddb5-4fa4-a97d-d965ccfc6d4b" outcome="Failed" testListId="8c84fa94-04c1-424b-9868-57a2d4851a1d" relativeResultsDirectory="71b10b43-2cad-41f8-8572-15fc94364a6c">
      <Output>
        <ErrorInfo>
          <Message>Assert.IsTrue failed. </Message>
          <StackTrace>   at SageframeTest.AddRoles.Can_AddRole() in c:\Users\RajKumar-PC\Documents\Visual Studio 2013\Projects\QASageframe\SageframeTest\AddRoles.cs:line 15
</StackTrace>
        </ErrorInfo>
      </Output>
    </UnitTestResult>
    <UnitTestResult executionId="a8377e64-ae7d-46a8-907a-5211c59dd627" testId="58cf4056-4d18-dd7e-3c0c-ca809f773d66" testName="Can_AddUsers" computerName="RAJKUMARTHAPA" testType="13cdc9d9-ddb5-4fa4-a97d-d965ccfc6d4b" outcome="NotRunnable" testListId="8c84fa94-04c1-424b-9868-57a2d4851a1d" relativeResultsDirectory="a8377e64-ae7d-46a8-907a-5211c59dd627">
      <Output>
        <ErrorInfo>
          <Message>UTA007: Method Can_AddUsers defined in class SageframeTest.AddUsers does not have correct signature. Test method marked with the [TestMethod] attribute must be non-static, public, does not return a value and should not take any parameter. for example: public void Test.Class1.Test().  Additionally, return-type must be Task if you are running async unit tests. Example: public async Task Test.Class1.Test2().</Message>
        </ErrorInfo>
      </Output>
    </UnitTestResult>
    <UnitTestResult executionId="581f5634-ba76-492b-93c6-c7649a4e7965" testId="0ca8048b-9f26-e84d-b35b-d5f8936ae268" testName="Can_DeleteRole" computerName="RAJKUMARTHAPA" duration="00:00:17.0192905" startTime="2015-04-03T15:50:35.8769743+05:45" endTime="2015-04-03T15:50:52.9029337+05:45" testType="13cdc9d9-ddb5-4fa4-a97d-d965ccfc6d4b" outcome="Failed" testListId="8c84fa94-04c1-424b-9868-57a2d4851a1d" relativeResultsDirectory="581f5634-ba76-492b-93c6-c7649a4e7965">
      <Output>
        <ErrorInfo>
          <Message>Test method SageframeTest.DeleteRole.Can_DeleteRole threw exception: 
OpenQA.Selenium.WebDriverTimeoutException: Timed out after 15 seconds ---&gt; OpenQA.Selenium.NoSuchElementException: Unable to locate element: {"method":"id","selector":"ctl14_UserName"}</Message>
          <StackTrace>    at OpenQA.Selenium.Remote.RemoteWebDriver.UnpackAndThrowOnError(Response errorResponse)
   at OpenQA.Selenium.Remote.RemoteWebDriver.Execute(String driverCommandToExecute, Dictionary`2 parameters)
   at OpenQA.Selenium.Remote.RemoteWebDriver.FindElement(String mechanism, String value)
   at OpenQA.Selenium.Remote.RemoteWebDriver.FindElementById(String id)
   at OpenQA.Selenium.By.&lt;&gt;c__DisplayClass2.&lt;Id&gt;b__0(ISearchContext context)
   at OpenQA.Selenium.By.FindElement(ISearchContext context)
   at OpenQA.Selenium.Remote.RemoteWebDriver.FindElement(By by)
   at QASageframe.Browser.&lt;&gt;c__DisplayClass2.&lt;WaitForElement&gt;b__0(IWebDriver drv) in c:\Users\RajKumar-PC\Documents\Visual Studio 2013\Projects\QASageframe\QASageframe\Browser.cs:line 41
   at OpenQA.Selenium.Support.UI.DefaultWait`1.Until[TResult](Func`2 condition)
 --- End of inner exception stack trace ---
    at OpenQA.Selenium.Support.UI.DefaultWait`1.ThrowTimeoutException(String exceptionMessage, Exception lastException)
   at OpenQA.Selenium.Support.UI.DefaultWait`1.Until[TResult](Func`2 condition)
   at QASageframe.Browser.WaitForElement(By by, Int32 timeoutInSeconds) in c:\Users\RajKumar-PC\Documents\Visual Studio 2013\Projects\QASageframe\QASageframe\Browser.cs:line 41
   at QASageframe.AdminPage.LogIn(String Username, String Password) in c:\Users\RajKumar-PC\Documents\Visual Studio 2013\Projects\QASageframe\QASageframe\Admin.cs:line 79
   at SageframeTest.DeleteRole.Can_DeleteRole() in c:\Users\RajKumar-PC\Documents\Visual Studio 2013\Projects\QASageframe\SageframeTest\DeleteRole.cs:line 13
</StackTrace>
        </ErrorInfo>
      </Output>
    </UnitTestResult>
    <UnitTestResult executionId="a2bfd898-5640-4fbc-bf50-a1ab3e91fd13" testId="eaa8fdce-06bd-5683-b93d-e5dd9f20e876" testName="Can_DeleteUser" computerName="RAJKUMARTHAPA" duration="00:00:17.4164974" startTime="2015-04-03T15:50:52.9159351+05:45" endTime="2015-04-03T15:51:10.3419154+05:45" testType="13cdc9d9-ddb5-4fa4-a97d-d965ccfc6d4b" outcome="Failed" testListId="8c84fa94-04c1-424b-9868-57a2d4851a1d" relativeResultsDirectory="a2bfd898-5640-4fbc-bf50-a1ab3e91fd13">
      <Output>
        <ErrorInfo>
          <Message>Test method SageframeTest.DeleteUser.Can_DeleteUser threw exception: 
OpenQA.Selenium.WebDriverTimeoutException: Timed out after 15 seconds ---&gt; OpenQA.Selenium.NoSuchElementException: Unable to locate element: {"method":"id","selector":"ctl14_UserName"}</Message>
          <StackTrace>    at OpenQA.Selenium.Remote.RemoteWebDriver.UnpackAndThrowOnError(Response errorResponse)
   at OpenQA.Selenium.Remote.RemoteWebDriver.Execute(String driverCommandToExecute, Dictionary`2 parameters)
   at OpenQA.Selenium.Remote.RemoteWebDriver.FindElement(String mechanism, String value)
   at OpenQA.Selenium.Remote.RemoteWebDriver.FindElementById(String id)
   at OpenQA.Selenium.By.&lt;&gt;c__DisplayClass2.&lt;Id&gt;b__0(ISearchContext context)
   at OpenQA.Selenium.By.FindElement(ISearchContext context)
   at OpenQA.Selenium.Remote.RemoteWebDriver.FindElement(By by)
   at QASageframe.Browser.&lt;&gt;c__DisplayClass2.&lt;WaitForElement&gt;b__0(IWebDriver drv) in c:\Users\RajKumar-PC\Documents\Visual Studio 2013\Projects\QASageframe\QASageframe\Browser.cs:line 41
   at OpenQA.Selenium.Support.UI.DefaultWait`1.Until[TResult](Func`2 condition)
 --- End of inner exception stack trace ---
    at OpenQA.Selenium.Support.UI.DefaultWait`1.ThrowTimeoutException(String exceptionMessage, Exception lastException)
   at OpenQA.Selenium.Support.UI.DefaultWait`1.Until[TResult](Func`2 condition)
   at QASageframe.Browser.WaitForElement(By by, Int32 timeoutInSeconds) in c:\Users\RajKumar-PC\Documents\Visual Studio 2013\Projects\QASageframe\QASageframe\Browser.cs:line 41
   at QASageframe.AdminPage.LogIn(String Username, String Password) in c:\Users\RajKumar-PC\Documents\Visual Studio 2013\Projects\QASageframe\QASageframe\Admin.cs:line 79
   at SageframeTest.DeleteUser.Can_DeleteUser() in c:\Users\RajKumar-PC\Documents\Visual Studio 2013\Projects\QASageframe\SageframeTest\DeleteUser.cs:line 13
</StackTrace>
        </ErrorInfo>
      </Output>
    </UnitTestResult>
    <UnitTestResult executionId="bc21d8aa-7e52-4aba-ab46-51340e71d9ef" testId="d8c02368-808c-c2e3-38ea-15669ff81432" testName="Can_EditUserProfile" computerName="RAJKUMARTHAPA" duration="00:00:17.2754025" startTime="2015-04-03T15:51:10.3549181+05:45" endTime="2015-04-03T15:51:27.6348906+05:45" testType="13cdc9d9-ddb5-4fa4-a97d-d965ccfc6d4b" outcome="Failed" testListId="8c84fa94-04c1-424b-9868-57a2d4851a1d" relativeResultsDirectory="bc21d8aa-7e52-4aba-ab46-51340e71d9ef">
      <Output>
        <ErrorInfo>
          <Message>Test method SageframeTest.UserEdit.Can_EditUserProfile threw exception: 
OpenQA.Selenium.WebDriverTimeoutException: Timed out after 15 seconds ---&gt; OpenQA.Selenium.NoSuchElementException: Unable to locate element: {"method":"id","selector":"ctl14_UserName"}</Message>
          <StackTrace>    at OpenQA.Selenium.Remote.RemoteWebDriver.UnpackAndThrowOnError(Response errorResponse)
   at OpenQA.Selenium.Remote.RemoteWebDriver.Execute(String driverCommandToExecute, Dictionary`2 parameters)
   at OpenQA.Selenium.Remote.RemoteWebDriver.FindElement(String mechanism, String value)
   at OpenQA.Selenium.Remote.RemoteWebDriver.FindElementById(String id)
   at OpenQA.Selenium.By.&lt;&gt;c__DisplayClass2.&lt;Id&gt;b__0(ISearchContext context)
   at OpenQA.Selenium.By.FindElement(ISearchContext context)
   at OpenQA.Selenium.Remote.RemoteWebDriver.FindElement(By by)
   at QASageframe.Browser.&lt;&gt;c__DisplayClass2.&lt;WaitForElement&gt;b__0(IWebDriver drv) in c:\Users\RajKumar-PC\Documents\Visual Studio 2013\Projects\QASageframe\QASageframe\Browser.cs:line 41
   at OpenQA.Selenium.Support.UI.DefaultWait`1.Until[TResult](Func`2 condition)
 --- End of inner exception stack trace ---
    at OpenQA.Selenium.Support.UI.DefaultWait`1.ThrowTimeoutException(String exceptionMessage, Exception lastException)
   at OpenQA.Selenium.Support.UI.DefaultWait`1.Until[TResult](Func`2 condition)
   at QASageframe.Browser.WaitForElement(By by, Int32 timeoutInSeconds) in c:\Users\RajKumar-PC\Documents\Visual Studio 2013\Projects\QASageframe\QASageframe\Browser.cs:line 41
   at QASageframe.AdminPage.LogIn(String Username, String Password) in c:\Users\RajKumar-PC\Documents\Visual Studio 2013\Projects\QASageframe\QASageframe\Admin.cs:line 79
   at SageframeTest.UserEdit.Can_EditUserProfile() in c:\Users\RajKumar-PC\Documents\Visual Studio 2013\Projects\QASageframe\SageframeTest\UserEdit.cs:line 14
</StackTrace>
        </ErrorInfo>
      </Output>
    </UnitTestResult>
    <UnitTestResult executionId="a8f6dc6c-7c9c-4328-9a0e-156eaa89bd0d" testId="7c874447-1047-61d4-5eb8-533045571ee8" testName="Can_SearchUser" computerName="RAJKUMARTHAPA" duration="00:00:16.9902205" startTime="2015-04-03T15:51:27.6478925+05:45" endTime="2015-04-03T15:51:44.6428502+05:45" testType="13cdc9d9-ddb5-4fa4-a97d-d965ccfc6d4b" outcome="Failed" testListId="8c84fa94-04c1-424b-9868-57a2d4851a1d" relativeResultsDirectory="a8f6dc6c-7c9c-4328-9a0e-156eaa89bd0d">
      <Output>
        <ErrorInfo>
          <Message>Test method SageframeTest.UserSearch.Can_SearchUser threw exception: 
OpenQA.Selenium.WebDriverTimeoutException: Timed out after 15 seconds ---&gt; OpenQA.Selenium.NoSuchElementException: Unable to locate element: {"method":"id","selector":"ctl14_UserName"}</Message>
          <StackTrace>    at OpenQA.Selenium.Remote.RemoteWebDriver.UnpackAndThrowOnError(Response errorResponse)
   at OpenQA.Selenium.Remote.RemoteWebDriver.Execute(String driverCommandToExecute, Dictionary`2 parameters)
   at OpenQA.Selenium.Remote.RemoteWebDriver.FindElement(String mechanism, String value)
   at OpenQA.Selenium.Remote.RemoteWebDriver.FindElementById(String id)
   at OpenQA.Selenium.By.&lt;&gt;c__DisplayClass2.&lt;Id&gt;b__0(ISearchContext context)
   at OpenQA.Selenium.By.FindElement(ISearchContext context)
   at OpenQA.Selenium.Remote.RemoteWebDriver.FindElement(By by)
   at QASageframe.Browser.&lt;&gt;c__DisplayClass2.&lt;WaitForElement&gt;b__0(IWebDriver drv) in c:\Users\RajKumar-PC\Documents\Visual Studio 2013\Projects\QASageframe\QASageframe\Browser.cs:line 41
   at OpenQA.Selenium.Support.UI.DefaultWait`1.Until[TResult](Func`2 condition)
 --- End of inner exception stack trace ---
    at OpenQA.Selenium.Support.UI.DefaultWait`1.ThrowTimeoutException(String exceptionMessage, Exception lastException)
   at OpenQA.Selenium.Support.UI.DefaultWait`1.Until[TResult](Func`2 condition)
   at QASageframe.Browser.WaitForElement(By by, Int32 timeoutInSeconds) in c:\Users\RajKumar-PC\Documents\Visual Studio 2013\Projects\QASageframe\QASageframe\Browser.cs:line 41
   at QASageframe.AdminPage.LogIn(String Username, String Password) in c:\Users\RajKumar-PC\Documents\Visual Studio 2013\Projects\QASageframe\QASageframe\Admin.cs:line 79
   at SageframeTest.UserSearch.Can_SearchUser() in c:\Users\RajKumar-PC\Documents\Visual Studio 2013\Projects\QASageframe\SageframeTest\UserSearch.cs:line 15
</StackTrace>
        </ErrorInfo>
      </Output>
    </UnitTestResult>
    <UnitTestResult executionId="19c82893-416c-452d-90d2-89ad6f76cc01" testId="c97b54fb-b6ee-8e00-18fe-d83a3221119b" testName="Can_saveUserSettings" computerName="RAJKUMARTHAPA" duration="00:00:16.7437729" startTime="2015-04-03T15:51:44.6628514+05:45" endTime="2015-04-03T15:52:01.4119541+05:45" testType="13cdc9d9-ddb5-4fa4-a97d-d965ccfc6d4b" outcome="Failed" testListId="8c84fa94-04c1-424b-9868-57a2d4851a1d" relativeResultsDirectory="19c82893-416c-452d-90d2-89ad6f76cc01">
      <Output>
        <ErrorInfo>
          <Message>Test method SageframeTest.UserSettings.Can_saveUserSettings threw exception: 
OpenQA.Selenium.WebDriverTimeoutException: Timed out after 15 seconds ---&gt; OpenQA.Selenium.NoSuchElementException: Unable to locate element: {"method":"id","selector":"ctl14_UserName"}</Message>
          <StackTrace>    at OpenQA.Selenium.Remote.RemoteWebDriver.UnpackAndThrowOnError(Response errorResponse)
   at OpenQA.Selenium.Remote.RemoteWebDriver.Execute(String driverCommandToExecute, Dictionary`2 parameters)
   at OpenQA.Selenium.Remote.RemoteWebDriver.FindElement(String mechanism, String value)
   at OpenQA.Selenium.Remote.RemoteWebDriver.FindElementById(String id)
   at OpenQA.Selenium.By.&lt;&gt;c__DisplayClass2.&lt;Id&gt;b__0(ISearchContext context)
   at OpenQA.Selenium.By.FindElement(ISearchContext context)
   at OpenQA.Selenium.Remote.RemoteWebDriver.FindElement(By by)
   at QASageframe.Browser.&lt;&gt;c__DisplayClass2.&lt;WaitForElement&gt;b__0(IWebDriver drv) in c:\Users\RajKumar-PC\Documents\Visual Studio 2013\Projects\QASageframe\QASageframe\Browser.cs:line 41
   at OpenQA.Selenium.Support.UI.DefaultWait`1.Until[TResult](Func`2 condition)
 --- End of inner exception stack trace ---
    at OpenQA.Selenium.Support.UI.DefaultWait`1.ThrowTimeoutException(String exceptionMessage, Exception lastException)
   at OpenQA.Selenium.Support.UI.DefaultWait`1.Until[TResult](Func`2 condition)
   at QASageframe.Browser.WaitForElement(By by, Int32 timeoutInSeconds) in c:\Users\RajKumar-PC\Documents\Visual Studio 2013\Projects\QASageframe\QASageframe\Browser.cs:line 41
   at QASageframe.AdminPage.LogIn(String Username, String Password) in c:\Users\RajKumar-PC\Documents\Visual Studio 2013\Projects\QASageframe\QASageframe\Admin.cs:line 79
   at SageframeTest.UserSettings.Can_saveUserSettings() in c:\Users\RajKumar-PC\Documents\Visual Studio 2013\Projects\QASageframe\SageframeTest\UserSettings.cs:line 14
</StackTrace>
        </ErrorInfo>
      </Output>
    </UnitTestResult>
  </Results>
</TestRun>