<?xml version="1.0" encoding="UTF-8"?>
<TestRun id="b682c60a-e524-433d-8484-829b72953a30" name="RajKumar-PC@RAJKUMARTHAPA 2015-04-03 15:59:49" runUser="RajkumarThapa\RajKumar-PC" xmlns="http://microsoft.com/schemas/VisualStudio/TeamTest/2010">
  <TestSettings name="Default Test Settings" id="d3a148b1-ca23-4701-a420-3aa5fd237820">
    <Deployment userDeploymentRoot="C:\Users\RajKumar-PC\Documents\Visual Studio 2013\Projects\QASageframe\SageframeTest\bin\Debug" useDefaultDeploymentRoot="false" runDeploymentRoot="RajKumar-PC_RAJKUMARTHAPA 2015-04-03 15_59_49" />
    <Execution>
      <TestTypeSpecific />
      <AgentRule name="Execution Agents">
      </AgentRule>
    </Execution>
    <Properties />
  </TestSettings>
  <Times creation="2015-04-03T15:59:49.6733455+05:45" queuing="2015-04-03T15:59:50.0953690+05:45" start="2015-04-03T15:59:50.2193758+05:45" finish="2015-04-03T16:00:50.8187921+05:45" />
  <ResultSummary outcome="Failed">
    <Counters total="8" executed="7" passed="1" error="0" failed="6" timeout="0" aborted="0" inconclusive="0" passedButRunAborted="0" notRunnable="1" notExecuted="0" disconnected="0" warning="0" completed="0" inProgress="0" pending="0" />
  </ResultSummary>
  <TestDefinitions>
    <UnitTest name="Can_DeleteRole" storage="sageframetest.dll" id="0ca8048b-9f26-e84d-b35b-d5f8936ae268">
      <Execution id="1feff16f-82d6-49c1-ba7d-34b52b2ec765" />
      <TestMethod codeBase="C:/Users/RajKumar-PC/Documents/Visual Studio 2013/Projects/QASageframe/SageframeTest/bin/Debug/SageframeTest.dll" adapterTypeName="Microsoft.VisualStudio.TestTools.TestTypes.Unit.UnitTestAdapter, Microsoft.VisualStudio.QualityTools.Tips.UnitTest.Adapter, Version=12.0.0.0, Culture=neutral, PublicKeyToken=b03f5f7f11d50a3a" className="SageframeTest.DeleteRole, SageframeTest, Version=1.0.0.0, Culture=neutral, PublicKeyToken=null" name="Can_DeleteRole" />
    </UnitTest>
    <UnitTest name="Can_saveUserSettings" storage="sageframetest.dll" id="c97b54fb-b6ee-8e00-18fe-d83a3221119b">
      <Execution id="bb588fb5-29f9-4edf-8de6-924d9e07fd71" />
      <TestMethod codeBase="C:/Users/RajKumar-PC/Documents/Visual Studio 2013/Projects/QASageframe/SageframeTest/bin/Debug/SageframeTest.dll" adapterTypeName="Microsoft.VisualStudio.TestTools.TestTypes.Unit.UnitTestAdapter, Microsoft.VisualStudio.QualityTools.Tips.UnitTest.Adapter, Version=12.0.0.0, Culture=neutral, PublicKeyToken=b03f5f7f11d50a3a" className="SageframeTest.UserSettings, SageframeTest, Version=1.0.0.0, Culture=neutral, PublicKeyToken=null" name="Can_saveUserSettings" />
    </UnitTest>
    <UnitTest name="Can_SearchUser" storage="sageframetest.dll" id="7c874447-1047-61d4-5eb8-533045571ee8">
      <Execution id="434760b7-a046-4b5f-8f09-f28cdb87e424" />
      <TestMethod codeBase="C:/Users/RajKumar-PC/Documents/Visual Studio 2013/Projects/QASageframe/SageframeTest/bin/Debug/SageframeTest.dll" adapterTypeName="Microsoft.VisualStudio.TestTools.TestTypes.Unit.UnitTestAdapter, Microsoft.VisualStudio.QualityTools.Tips.UnitTest.Adapter, Version=12.0.0.0, Culture=neutral, PublicKeyToken=b03f5f7f11d50a3a" className="SageframeTest.UserSearch, SageframeTest, Version=1.0.0.0, Culture=neutral, PublicKeyToken=null" name="Can_SearchUser" />
    </UnitTest>
    <UnitTest name="Can_DeleteUser" storage="sageframetest.dll" id="eaa8fdce-06bd-5683-b93d-e5dd9f20e876">
      <Execution id="cebee605-5600-4490-be02-6f70e88e1e92" />
      <TestMethod codeBase="C:/Users/RajKumar-PC/Documents/Visual Studio 2013/Projects/QASageframe/SageframeTest/bin/Debug/SageframeTest.dll" adapterTypeName="Microsoft.VisualStudio.TestTools.TestTypes.Unit.UnitTestAdapter, Microsoft.VisualStudio.QualityTools.Tips.UnitTest.Adapter, Version=12.0.0.0, Culture=neutral, PublicKeyToken=b03f5f7f11d50a3a" className="SageframeTest.DeleteUser, SageframeTest, Version=1.0.0.0, Culture=neutral, PublicKeyToken=null" name="Can_DeleteUser" />
    </UnitTest>
    <UnitTest name="Can_AddMessageTemplate" storage="sageframetest.dll" id="328f42f5-bbba-b16b-2b8f-aefefa4ae6d3">
      <Execution id="d6bb67bb-540f-4cc4-8938-92946596f092" />
      <TestMethod codeBase="C:/Users/RajKumar-PC/Documents/Visual Studio 2013/Projects/QASageframe/SageframeTest/bin/Debug/SageframeTest.dll" adapterTypeName="Microsoft.VisualStudio.TestTools.TestTypes.Unit.UnitTestAdapter, Microsoft.VisualStudio.QualityTools.Tips.UnitTest.Adapter, Version=12.0.0.0, Culture=neutral, PublicKeyToken=b03f5f7f11d50a3a" className="SageframeTest.AddMessageTemplate, SageframeTest, Version=1.0.0.0, Culture=neutral, PublicKeyToken=null" name="Can_AddMessageTemplate" />
    </UnitTest>
    <UnitTest name="Can_AddRole" storage="sageframetest.dll" id="556aef55-a16d-8e0c-435a-cd992bb473a3">
      <Execution id="c28716aa-239c-4a40-8191-f9d7e1a66418" />
      <TestMethod codeBase="C:/Users/RajKumar-PC/Documents/Visual Studio 2013/Projects/QASageframe/SageframeTest/bin/Debug/SageframeTest.dll" adapterTypeName="Microsoft.VisualStudio.TestTools.TestTypes.Unit.UnitTestAdapter, Microsoft.VisualStudio.QualityTools.Tips.UnitTest.Adapter, Version=12.0.0.0, Culture=neutral, PublicKeyToken=b03f5f7f11d50a3a" className="SageframeTest.AddRoles, SageframeTest, Version=1.0.0.0, Culture=neutral, PublicKeyToken=null" name="Can_AddRole" />
    </UnitTest>
    <UnitTest name="Can_EditUserProfile" storage="sageframetest.dll" id="d8c02368-808c-c2e3-38ea-15669ff81432">
      <Execution id="371a7e7e-528b-4f99-80a2-98dcb7cfa1da" />
      <TestMethod codeBase="C:/Users/RajKumar-PC/Documents/Visual Studio 2013/Projects/QASageframe/SageframeTest/bin/Debug/SageframeTest.dll" adapterTypeName="Microsoft.VisualStudio.TestTools.TestTypes.Unit.UnitTestAdapter, Microsoft.VisualStudio.QualityTools.Tips.UnitTest.Adapter, Version=12.0.0.0, Culture=neutral, PublicKeyToken=b03f5f7f11d50a3a" className="SageframeTest.UserEdit, SageframeTest, Version=1.0.0.0, Culture=neutral, PublicKeyToken=null" name="Can_EditUserProfile" />
    </UnitTest>
    <UnitTest name="Can_AddUsers" storage="sageframetest.dll" id="58cf4056-4d18-dd7e-3c0c-ca809f773d66">
      <Execution id="7f182e2c-783e-482b-9bd1-ba2f264e82d6" />
      <TestMethod codeBase="C:/Users/RajKumar-PC/Documents/Visual Studio 2013/Projects/QASageframe/SageframeTest/bin/Debug/SageframeTest.dll" adapterTypeName="Microsoft.VisualStudio.TestTools.TestTypes.Unit.UnitTestAdapter, Microsoft.VisualStudio.QualityTools.Tips.UnitTest.Adapter, Version=12.0.0.0, Culture=neutral, PublicKeyToken=b03f5f7f11d50a3a" className="SageframeTest.AddUsers, SageframeTest, Version=1.0.0.0, Culture=neutral, PublicKeyToken=null" name="Can_AddUsers" />
    </UnitTest>
  </TestDefinitions>
  <TestLists>
    <TestList name="Results Not in a List" id="8c84fa94-04c1-424b-9868-57a2d4851a1d" />
    <TestList name="All Loaded Results" id="19431567-8539-422a-85d7-44ee4e166bda" />
  </TestLists>
  <TestEntries>
    <TestEntry testId="328f42f5-bbba-b16b-2b8f-aefefa4ae6d3" executionId="d6bb67bb-540f-4cc4-8938-92946596f092" testListId="8c84fa94-04c1-424b-9868-57a2d4851a1d" />
    <TestEntry testId="556aef55-a16d-8e0c-435a-cd992bb473a3" executionId="c28716aa-239c-4a40-8191-f9d7e1a66418" testListId="8c84fa94-04c1-424b-9868-57a2d4851a1d" />
    <TestEntry testId="58cf4056-4d18-dd7e-3c0c-ca809f773d66" executionId="7f182e2c-783e-482b-9bd1-ba2f264e82d6" testListId="8c84fa94-04c1-424b-9868-57a2d4851a1d" />
    <TestEntry testId="0ca8048b-9f26-e84d-b35b-d5f8936ae268" executionId="1feff16f-82d6-49c1-ba7d-34b52b2ec765" testListId="8c84fa94-04c1-424b-9868-57a2d4851a1d" />
    <TestEntry testId="eaa8fdce-06bd-5683-b93d-e5dd9f20e876" executionId="cebee605-5600-4490-be02-6f70e88e1e92" testListId="8c84fa94-04c1-424b-9868-57a2d4851a1d" />
    <TestEntry testId="d8c02368-808c-c2e3-38ea-15669ff81432" executionId="371a7e7e-528b-4f99-80a2-98dcb7cfa1da" testListId="8c84fa94-04c1-424b-9868-57a2d4851a1d" />
    <TestEntry testId="7c874447-1047-61d4-5eb8-533045571ee8" executionId="434760b7-a046-4b5f-8f09-f28cdb87e424" testListId="8c84fa94-04c1-424b-9868-57a2d4851a1d" />
    <TestEntry testId="c97b54fb-b6ee-8e00-18fe-d83a3221119b" executionId="bb588fb5-29f9-4edf-8de6-924d9e07fd71" testListId="8c84fa94-04c1-424b-9868-57a2d4851a1d" />
  </TestEntries>
  <Results>
    <UnitTestResult executionId="d6bb67bb-540f-4cc4-8938-92946596f092" testId="328f42f5-bbba-b16b-2b8f-aefefa4ae6d3" testName="Can_AddMessageTemplate" computerName="RAJKUMARTHAPA" duration="00:00:16.9524963" startTime="2015-04-03T15:59:50.2583776+05:45" endTime="2015-04-03T16:00:07.5223512+05:45" testType="13cdc9d9-ddb5-4fa4-a97d-d965ccfc6d4b" outcome="Failed" testListId="8c84fa94-04c1-424b-9868-57a2d4851a1d" relativeResultsDirectory="d6bb67bb-540f-4cc4-8938-92946596f092">
      <Output>
        <ErrorInfo>
          <Message>Test method SageframeTest.AddMessageTemplate.Can_AddMessageTemplate threw exception: 
OpenQA.Selenium.NoSuchElementException: Unable to locate element: {"method":"id","selector":"ctl19_pnlMessageTemplateList"}</Message>
          <StackTrace>    at OpenQA.Selenium.Remote.RemoteWebDriver.UnpackAndThrowOnError(Response errorResponse)
   at OpenQA.Selenium.Remote.RemoteWebDriver.Execute(String driverCommandToExecute, Dictionary`2 parameters)
   at OpenQA.Selenium.Remote.RemoteWebDriver.FindElement(String mechanism, String value)
   at OpenQA.Selenium.Remote.RemoteWebDriver.FindElementById(String id)
   at OpenQA.Selenium.By.&lt;&gt;c__DisplayClass2.&lt;Id&gt;b__0(ISearchContext context)
   at OpenQA.Selenium.By.FindElement(ISearchContext context)
   at OpenQA.Selenium.Remote.RemoteWebDriver.FindElement(By by)
   at QASageframe.Message_TemplatePage.AddMT(String n, String email, String subject, String text, Boolean save, String tmtt, String mttext, String token) in c:\Users\RajKumar-PC\Documents\Visual Studio 2013\Projects\QASageframe\QASageframe\Message-Template.cs:line 82
   at SageframeTest.AddMessageTemplate.Can_AddMessageTemplate() in c:\Users\RajKumar-PC\Documents\Visual Studio 2013\Projects\QASageframe\SageframeTest\AddMessageTemplate.cs:line 14
</StackTrace>
        </ErrorInfo>
      </Output>
    </UnitTestResult>
    <UnitTestResult executionId="c28716aa-239c-4a40-8191-f9d7e1a66418" testId="556aef55-a16d-8e0c-435a-cd992bb473a3" testName="Can_AddRole" computerName="RAJKUMARTHAPA" duration="00:00:13.5891662" startTime="2015-04-03T16:00:07.5383526+05:45" endTime="2015-04-03T16:00:21.1321196+05:45" testType="13cdc9d9-ddb5-4fa4-a97d-d965ccfc6d4b" outcome="Failed" testListId="8c84fa94-04c1-424b-9868-57a2d4851a1d" relativeResultsDirectory="c28716aa-239c-4a40-8191-f9d7e1a66418">
      <Output>
        <ErrorInfo>
          <Message>Assert.IsTrue failed. </Message>
          <StackTrace>   at SageframeTest.AddRoles.Can_AddRole() in c:\Users\RajKumar-PC\Documents\Visual Studio 2013\Projects\QASageframe\SageframeTest\AddRoles.cs:line 24
</StackTrace>
        </ErrorInfo>
      </Output>
    </UnitTestResult>
    <UnitTestResult executionId="7f182e2c-783e-482b-9bd1-ba2f264e82d6" testId="58cf4056-4d18-dd7e-3c0c-ca809f773d66" testName="Can_AddUsers" computerName="RAJKUMARTHAPA" testType="13cdc9d9-ddb5-4fa4-a97d-d965ccfc6d4b" outcome="NotRunnable" testListId="8c84fa94-04c1-424b-9868-57a2d4851a1d" relativeResultsDirectory="7f182e2c-783e-482b-9bd1-ba2f264e82d6">
      <Output>
        <ErrorInfo>
          <Message>UTA007: Method Can_AddUsers defined in class SageframeTest.AddUsers does not have correct signature. Test method marked with the [TestMethod] attribute must be non-static, public, does not return a value and should not take any parameter. for example: public void Test.Class1.Test().  Additionally, return-type must be Task if you are running async unit tests. Example: public async Task Test.Class1.Test2().</Message>
        </ErrorInfo>
      </Output>
    </UnitTestResult>
    <UnitTestResult executionId="1feff16f-82d6-49c1-ba7d-34b52b2ec765" testId="0ca8048b-9f26-e84d-b35b-d5f8936ae268" testName="Can_DeleteRole" computerName="RAJKUMARTHAPA" duration="00:00:04.2279939" startTime="2015-04-03T16:00:21.1451193+05:45" endTime="2015-04-03T16:00:25.3773576+05:45" testType="13cdc9d9-ddb5-4fa4-a97d-d965ccfc6d4b" outcome="Failed" testListId="8c84fa94-04c1-424b-9868-57a2d4851a1d" relativeResultsDirectory="1feff16f-82d6-49c1-ba7d-34b52b2ec765">
      <Output>
        <ErrorInfo>
          <Message>Test method SageframeTest.DeleteRole.Can_DeleteRole threw exception: 
OpenQA.Selenium.NoSuchElementException: Could not find element by: By.Id: ctl16_lblUdpSageMesageCustom</Message>
          <StackTrace>    at OpenQA.Selenium.Support.PageObjects.DefaultElementLocatorFactory.LocateElement(ISearchContext searchContext, IEnumerable`1 bys)
   at OpenQA.Selenium.Support.PageObjects.WebElementProxy.get_WrappedElement()
   at OpenQA.Selenium.Support.PageObjects.WebElementProxy.get_Text()
   at QASageframe.Browser.get_UserSuccess() in c:\Users\RajKumar-PC\Documents\Visual Studio 2013\Projects\QASageframe\QASageframe\Browser.cs:line 66
   at QASageframe.RolePage.RoleDeleted() in c:\Users\RajKumar-PC\Documents\Visual Studio 2013\Projects\QASageframe\QASageframe\Role.cs:line 50
   at SageframeTest.DeleteRole.Can_DeleteRole() in c:\Users\RajKumar-PC\Documents\Visual Studio 2013\Projects\QASageframe\SageframeTest\DeleteRole.cs:line 15
</StackTrace>
        </ErrorInfo>
      </Output>
    </UnitTestResult>
    <UnitTestResult executionId="cebee605-5600-4490-be02-6f70e88e1e92" testId="eaa8fdce-06bd-5683-b93d-e5dd9f20e876" testName="Can_DeleteUser" computerName="RAJKUMARTHAPA" duration="00:00:08.1634173" startTime="2015-04-03T16:00:25.3863596+05:45" endTime="2015-04-03T16:00:33.5558183+05:45" testType="13cdc9d9-ddb5-4fa4-a97d-d965ccfc6d4b" outcome="Passed" testListId="8c84fa94-04c1-424b-9868-57a2d4851a1d" relativeResultsDirectory="cebee605-5600-4490-be02-6f70e88e1e92">
    </UnitTestResult>
    <UnitTestResult executionId="371a7e7e-528b-4f99-80a2-98dcb7cfa1da" testId="d8c02368-808c-c2e3-38ea-15669ff81432" testName="Can_EditUserProfile" computerName="RAJKUMARTHAPA" duration="00:00:06.0432252" startTime="2015-04-03T16:00:33.5658194+05:45" endTime="2015-04-03T16:00:39.6131596+05:45" testType="13cdc9d9-ddb5-4fa4-a97d-d965ccfc6d4b" outcome="Failed" testListId="8c84fa94-04c1-424b-9868-57a2d4851a1d" relativeResultsDirectory="371a7e7e-528b-4f99-80a2-98dcb7cfa1da">
      <Output>
        <ErrorInfo>
          <Message>Test method SageframeTest.UserEdit.Can_EditUserProfile threw exception: 
OpenQA.Selenium.WebDriverException: Unexpected error. System.Net.WebException: Unable to connect to the remote server ---&gt; System.Net.Sockets.SocketException: No connection could be made because the target machine actively refused it 127.0.0.1:7055
   at System.Net.Sockets.Socket.DoConnect(EndPoint endPointSnapshot, SocketAddress socketAddress)
   at System.Net.ServicePoint.ConnectSocketInternal(Boolean connectFailure, Socket s4, Socket s6, Socket&amp; socket, IPAddress&amp; address, ConnectSocketState state, IAsyncResult asyncResult, Exception&amp; exception)
   --- End of inner exception stack trace ---
   at System.Net.HttpWebRequest.GetRequestStream(TransportContext&amp; context)
   at System.Net.HttpWebRequest.GetRequestStream()
   at OpenQA.Selenium.Remote.HttpCommandExecutor.Execute(Command commandToExecute)
   at OpenQA.Selenium.Firefox.FirefoxDriverCommandExecutor.Execute(Command commandToExecute)
   at OpenQA.Selenium.Remote.RemoteWebDriver.Execute(String driverCommandToExecute, Dictionary`2 parameters)</Message>
          <StackTrace>    at OpenQA.Selenium.Remote.RemoteWebDriver.UnpackAndThrowOnError(Response errorResponse)
   at OpenQA.Selenium.Remote.RemoteWebDriver.Execute(String driverCommandToExecute, Dictionary`2 parameters)
   at OpenQA.Selenium.Remote.RemoteWebDriver.FindElement(String mechanism, String value)
   at OpenQA.Selenium.Remote.RemoteWebDriver.FindElementById(String id)
   at OpenQA.Selenium.By.&lt;&gt;c__DisplayClass2.&lt;Id&gt;b__0(ISearchContext context)
   at OpenQA.Selenium.By.FindElement(ISearchContext context)
   at OpenQA.Selenium.Remote.RemoteWebDriver.FindElement(By by)
   at QASageframe.UserPage.EditUser(String rolechange, Boolean RoleChange, String UserRole, Int32 n, String sex, String resphone, String mobile, String others, String FN, String LN, String BDate, String Location, String FullName, String[] Email, Boolean PasswordChange, String newpassword, Boolean UserProfileChange, String ImgPath, String aboutme) in c:\Users\RajKumar-PC\Documents\Visual Studio 2013\Projects\QASageframe\QASageframe\User.cs:line 343
   at SageframeTest.UserEdit.Can_EditUserProfile() in c:\Users\RajKumar-PC\Documents\Visual Studio 2013\Projects\QASageframe\SageframeTest\UserEdit.cs:line 15
</StackTrace>
        </ErrorInfo>
      </Output>
    </UnitTestResult>
    <UnitTestResult executionId="434760b7-a046-4b5f-8f09-f28cdb87e424" testId="7c874447-1047-61d4-5eb8-533045571ee8" testName="Can_SearchUser" computerName="RAJKUMARTHAPA" duration="00:00:07.0265082" startTime="2015-04-03T16:00:39.6231606+05:45" endTime="2015-04-03T16:00:46.6555562+05:45" testType="13cdc9d9-ddb5-4fa4-a97d-d965ccfc6d4b" outcome="Failed" testListId="8c84fa94-04c1-424b-9868-57a2d4851a1d" relativeResultsDirectory="434760b7-a046-4b5f-8f09-f28cdb87e424">
      <Output>
        <ErrorInfo>
          <Message>Test method SageframeTest.UserSearch.Can_SearchUser threw exception: 
OpenQA.Selenium.WebDriverException: Unexpected error. System.Net.WebException: Unable to connect to the remote server ---&gt; System.Net.Sockets.SocketException: No connection could be made because the target machine actively refused it 127.0.0.1:7055
   at System.Net.Sockets.Socket.DoConnect(EndPoint endPointSnapshot, SocketAddress socketAddress)
   at System.Net.ServicePoint.ConnectSocketInternal(Boolean connectFailure, Socket s4, Socket s6, Socket&amp; socket, IPAddress&amp; address, ConnectSocketState state, IAsyncResult asyncResult, Exception&amp; exception)
   --- End of inner exception stack trace ---
   at System.Net.HttpWebRequest.GetRequestStream(TransportContext&amp; context)
   at System.Net.HttpWebRequest.GetRequestStream()
   at OpenQA.Selenium.Remote.HttpCommandExecutor.Execute(Command commandToExecute)
   at OpenQA.Selenium.Firefox.FirefoxDriverCommandExecutor.Execute(Command commandToExecute)
   at OpenQA.Selenium.Remote.RemoteWebDriver.Execute(String driverCommandToExecute, Dictionary`2 parameters)</Message>
          <StackTrace>    at OpenQA.Selenium.Remote.RemoteWebDriver.UnpackAndThrowOnError(Response errorResponse)
   at OpenQA.Selenium.Remote.RemoteWebDriver.Execute(String driverCommandToExecute, Dictionary`2 parameters)
   at OpenQA.Selenium.Remote.RemoteWebDriver.FindElement(String mechanism, String value)
   at OpenQA.Selenium.Remote.RemoteWebDriver.FindElementById(String id)
   at OpenQA.Selenium.By.&lt;&gt;c__DisplayClass2.&lt;Id&gt;b__0(ISearchContext context)
   at OpenQA.Selenium.By.FindElement(ISearchContext context)
   at OpenQA.Selenium.Remote.RemoteWebDriver.FindElement(By by)
   at QASageframe.UserPage.Search_User(String userrole, String rpp, String search, DateTime DateFrom, DateTime DateTo, String filtermode) in c:\Users\RajKumar-PC\Documents\Visual Studio 2013\Projects\QASageframe\QASageframe\User.cs:line 289
   at SageframeTest.UserSearch.Can_SearchUser() in c:\Users\RajKumar-PC\Documents\Visual Studio 2013\Projects\QASageframe\SageframeTest\UserSearch.cs:line 16
</StackTrace>
        </ErrorInfo>
      </Output>
    </UnitTestResult>
    <UnitTestResult executionId="bb588fb5-29f9-4edf-8de6-924d9e07fd71" testId="c97b54fb-b6ee-8e00-18fe-d83a3221119b" testName="Can_saveUserSettings" computerName="RAJKUMARTHAPA" duration="00:00:04.0170917" startTime="2015-04-03T16:00:46.6645573+05:45" endTime="2015-04-03T16:00:50.6977845+05:45" testType="13cdc9d9-ddb5-4fa4-a97d-d965ccfc6d4b" outcome="Failed" testListId="8c84fa94-04c1-424b-9868-57a2d4851a1d" relativeResultsDirectory="bb588fb5-29f9-4edf-8de6-924d9e07fd71">
      <Output>
        <ErrorInfo>
          <Message>Test method SageframeTest.UserSettings.Can_saveUserSettings threw exception: 
OpenQA.Selenium.WebDriverException: Unexpected error. System.Net.WebException: Unable to connect to the remote server ---&gt; System.Net.Sockets.SocketException: No connection could be made because the target machine actively refused it 127.0.0.1:7055
   at System.Net.Sockets.Socket.DoConnect(EndPoint endPointSnapshot, SocketAddress socketAddress)
   at System.Net.ServicePoint.ConnectSocketInternal(Boolean connectFailure, Socket s4, Socket s6, Socket&amp; socket, IPAddress&amp; address, ConnectSocketState state, IAsyncResult asyncResult, Exception&amp; exception)
   --- End of inner exception stack trace ---
   at System.Net.HttpWebRequest.GetRequestStream(TransportContext&amp; context)
   at System.Net.HttpWebRequest.GetRequestStream()
   at OpenQA.Selenium.Remote.HttpCommandExecutor.Execute(Command commandToExecute)
   at OpenQA.Selenium.Firefox.FirefoxDriverCommandExecutor.Execute(Command commandToExecute)
   at OpenQA.Selenium.Remote.RemoteWebDriver.Execute(String driverCommandToExecute, Dictionary`2 parameters)</Message>
          <StackTrace>    at OpenQA.Selenium.Remote.RemoteWebDriver.UnpackAndThrowOnError(Response errorResponse)
   at OpenQA.Selenium.Remote.RemoteWebDriver.Execute(String driverCommandToExecute, Dictionary`2 parameters)
   at OpenQA.Selenium.Remote.RemoteWebDriver.FindElement(String mechanism, String value)
   at OpenQA.Selenium.Remote.RemoteWebDriver.FindElementById(String id)
   at OpenQA.Selenium.By.&lt;&gt;c__DisplayClass2.&lt;Id&gt;b__0(ISearchContext context)
   at OpenQA.Selenium.By.FindElement(ISearchContext context)
   at OpenQA.Selenium.Remote.RemoteWebDriver.FindElement(By by)
   at QASageframe.UserPage.UserSetting(Boolean decide) in c:\Users\RajKumar-PC\Documents\Visual Studio 2013\Projects\QASageframe\QASageframe\User.cs:line 225
   at SageframeTest.UserSettings.Can_saveUserSettings() in c:\Users\RajKumar-PC\Documents\Visual Studio 2013\Projects\QASageframe\SageframeTest\UserSettings.cs:line 16
</StackTrace>
        </ErrorInfo>
      </Output>
    </UnitTestResult>
  </Results>
</TestRun>